<?xml version="1.0" encoding="UTF-8"?>
<!-- Generated by org.testng.reporters.JUnitXMLReporter -->
<testsuite ignored="0" hostname="Ashok" failures="0" tests="8" name="Surefire test" time="54.063" errors="0" timestamp="2026-02-22T18:21:50 IST">
  <testcase classname="com.Automation.Framework.Tests" name="LoginApplication" time="0.664"/>
  <testcase classname="com.Automation.Framework.Tests" name="ProductSelection" time="0.866"/>
  <testcase classname="com.Automation.Framework.Tests" name="Clickoncart" time="21.783"/>
  <testcase classname="com.Automation.Framework.Tests" name="Clickcheckout" time="0.436"/>
  <testcase classname="com.Automation.Framework.Tests" name="Enterbilllingdetails" time="1.947"/>
  <testcase classname="com.Automation.Framework.Tests" name="OriginalOrderId" time="0.249"/>
  <testcase classname="com.Automation.Framework.Tests" name="Clickonordersandverify" time="21.236"/>
  <testcase classname="com.Automation.Framework.Tests" name="Assertorder" time="0.157"/>
</testsuite> <!-- Surefire test -->
