<?xml version="1.0" encoding="UTF-8"?>
<!-- Generated by org.testng.reporters.JUnitXMLReporter -->
<testsuite ignored="0" hostname="Ashok" failures="0" tests="7" name="Surefire test" time="52.764" errors="0" timestamp="2026-02-22T17:09:57 IST">
  <testcase classname="com.Automation.Framework.Tests" name="LoginApplication" time="0.772"/>
  <testcase classname="com.Automation.Framework.Tests" name="ProductSelection" time="0.747"/>
  <testcase classname="com.Automation.Framework.Tests" name="Clickoncart" time="22.153"/>
  <testcase classname="com.Automation.Framework.Tests" name="Clickcheckout" time="0.556"/>
  <testcase classname="com.Automation.Framework.Tests" name="Enterbilllingdetails" time="2.069"/>
  <testcase classname="com.Automation.Framework.Tests" name="OriginalOrderId" time="0.221"/>
  <testcase classname="com.Automation.Framework.Tests" name="Clickonordersandverify" time="20.848"/>
</testsuite> <!-- Surefire test -->
