<?xml version="1.0" encoding="UTF-8"?>
<!-- Generated by org.testng.reporters.JUnitXMLReporter -->
<testsuite ignored="0" hostname="Ashok" failures="0" tests="5" name="Surefire test" time="32.24" errors="0" timestamp="2026-02-21T17:25:38 IST">
  <testcase classname="com.Automation.Framework.Tests" name="LoginApplication" time="0.575"/>
  <testcase classname="com.Automation.Framework.Tests" name="ProductSelection" time="0.846"/>
  <testcase classname="com.Automation.Framework.Tests" name="Clickoncart" time="21.681"/>
  <testcase classname="com.Automation.Framework.Tests" name="Clickcheckout" time="0.432"/>
  <testcase classname="com.Automation.Framework.Tests" name="Enterbilllingdetails" time="1.932"/>
</testsuite> <!-- Surefire test -->
