<?xml version="1.0" encoding="UTF-8"?>
<testng-results ignored="0" total="1" passed="1" failed="0" skipped="0">
  <reporter-output>
  </reporter-output>
  <suite started-at="2026-02-14T20:25:01 IST" name="Surefire suite" finished-at="2026-02-14T20:25:10 IST" duration-ms="9016">
    <groups>
    </groups>
    <test started-at="2026-02-14T20:25:01 IST" name="Surefire test" finished-at="2026-02-14T20:25:10 IST" duration-ms="9016">
      <class name="com.Automation.Framework.Tests">
        <test-method is-config="true" signature="Setup()[pri:0, instance:com.Automation.Framework.Tests@71075444]" started-at="2026-02-14T20:25:01 IST" name="Setup" finished-at="2026-02-14T20:25:07 IST" duration-ms="6202" status="PASS">
          <reporter-output>
          </reporter-output>
        </test-method> <!-- Setup -->
        <test-method signature="openSite()[pri:0, instance:com.Automation.Framework.Tests@71075444]" started-at="2026-02-14T20:25:07 IST" name="openSite" finished-at="2026-02-14T20:25:07 IST" duration-ms="64" status="PASS">
          <reporter-output>
          </reporter-output>
        </test-method> <!-- openSite -->
        <test-method is-config="true" signature="teardown()[pri:0, instance:com.Automation.Framework.Tests@71075444]" started-at="2026-02-14T20:25:07 IST" name="teardown" finished-at="2026-02-14T20:25:10 IST" duration-ms="2663" status="PASS">
          <reporter-output>
          </reporter-output>
        </test-method> <!-- teardown -->
      </class> <!-- com.Automation.Framework.Tests -->
    </test> <!-- Surefire test -->
  </suite> <!-- Surefire suite -->
</testng-results>
