<?xml version="1.0" encoding="UTF-8"?>
<testng-results ignored="0" total="1" passed="1" failed="0" skipped="0">
  <reporter-output>
  </reporter-output>
  <suite started-at="2026-02-11T21:52:54 IST" name="Surefire suite" finished-at="2026-02-11T21:53:00 IST" duration-ms="6253">
    <groups>
    </groups>
    <test started-at="2026-02-11T21:52:54 IST" name="Surefire test" finished-at="2026-02-11T21:53:00 IST" duration-ms="6253">
      <class name="com.selenium.AppTest">
        <test-method signature="browseropen()[pri:0, instance:com.selenium.AppTest@4b168fa9]" started-at="2026-02-11T21:52:54 IST" name="browseropen" finished-at="2026-02-11T21:53:00 IST" duration-ms="6131" status="PASS">
          <reporter-output>
          </reporter-output>
        </test-method> <!-- browseropen -->
      </class> <!-- com.selenium.AppTest -->
    </test> <!-- Surefire test -->
  </suite> <!-- Surefire suite -->
</testng-results>
