<?xml version="1.0" encoding="UTF-8"?>
<testng-results ignored="0" total="8" passed="8" failed="0" skipped="0">
  <reporter-output>
  </reporter-output>
  <suite started-at="2026-02-22T18:20:56 IST" name="Surefire suite" finished-at="2026-02-22T18:21:50 IST" duration-ms="54063">
    <groups>
    </groups>
    <test started-at="2026-02-22T18:20:56 IST" name="Surefire test" finished-at="2026-02-22T18:21:50 IST" duration-ms="54063">
      <class name="com.Automation.Framework.Tests">
        <test-method is-config="true" signature="Setup()[pri:0, instance:com.Automation.Framework.Tests@6f43c82]" started-at="2026-02-22T18:20:56 IST" name="Setup" finished-at="2026-02-22T18:21:03 IST" duration-ms="6517" status="PASS">
          <reporter-output>
          </reporter-output>
        </test-method> <!-- Setup -->
        <test-method is-config="true" signature="initPage()[pri:0, instance:com.Automation.Framework.Tests@6f43c82]" started-at="2026-02-22T18:21:03 IST" name="initPage" finished-at="2026-02-22T18:21:03 IST" duration-ms="65" status="PASS">
          <reporter-output>
          </reporter-output>
        </test-method> <!-- initPage -->
        <test-method signature="LoginApplication()[pri:0, instance:com.Automation.Framework.Tests@6f43c82]" started-at="2026-02-22T18:21:03 IST" name="LoginApplication" finished-at="2026-02-22T18:21:03 IST" duration-ms="664" status="PASS">
          <reporter-output>
          </reporter-output>
        </test-method> <!-- LoginApplication -->
        <test-method is-config="true" signature="initPage()[pri:0, instance:com.Automation.Framework.Tests@6f43c82]" started-at="2026-02-22T18:21:03 IST" name="initPage" finished-at="2026-02-22T18:21:03 IST" duration-ms="5" status="PASS">
          <reporter-output>
          </reporter-output>
        </test-method> <!-- initPage -->
        <test-method signature="ProductSelection()[pri:1, instance:com.Automation.Framework.Tests@6f43c82]" started-at="2026-02-22T18:21:03 IST" name="ProductSelection" finished-at="2026-02-22T18:21:04 IST" duration-ms="866" status="PASS">
          <reporter-output>
          </reporter-output>
        </test-method> <!-- ProductSelection -->
        <test-method is-config="true" signature="initPage()[pri:0, instance:com.Automation.Framework.Tests@6f43c82]" started-at="2026-02-22T18:21:04 IST" name="initPage" finished-at="2026-02-22T18:21:04 IST" duration-ms="5" status="PASS">
          <reporter-output>
          </reporter-output>
        </test-method> <!-- initPage -->
        <test-method signature="Clickoncart()[pri:2, instance:com.Automation.Framework.Tests@6f43c82]" started-at="2026-02-22T18:21:04 IST" name="Clickoncart" finished-at="2026-02-22T18:21:26 IST" duration-ms="21783" status="PASS">
          <reporter-output>
          </reporter-output>
        </test-method> <!-- Clickoncart -->
        <test-method is-config="true" signature="initPage()[pri:0, instance:com.Automation.Framework.Tests@6f43c82]" started-at="2026-02-22T18:21:26 IST" name="initPage" finished-at="2026-02-22T18:21:26 IST" duration-ms="10" status="PASS">
          <reporter-output>
          </reporter-output>
        </test-method> <!-- initPage -->
        <test-method signature="Clickcheckout()[pri:3, instance:com.Automation.Framework.Tests@6f43c82]" started-at="2026-02-22T18:21:26 IST" name="Clickcheckout" finished-at="2026-02-22T18:21:26 IST" duration-ms="436" status="PASS">
          <reporter-output>
          </reporter-output>
        </test-method> <!-- Clickcheckout -->
        <test-method is-config="true" signature="initPage()[pri:0, instance:com.Automation.Framework.Tests@6f43c82]" started-at="2026-02-22T18:21:26 IST" name="initPage" finished-at="2026-02-22T18:21:26 IST" duration-ms="4" status="PASS">
          <reporter-output>
          </reporter-output>
        </test-method> <!-- initPage -->
        <test-method signature="Enterbilllingdetails()[pri:4, instance:com.Automation.Framework.Tests@6f43c82]" started-at="2026-02-22T18:21:26 IST" name="Enterbilllingdetails" finished-at="2026-02-22T18:21:28 IST" duration-ms="1947" status="PASS">
          <reporter-output>
          </reporter-output>
        </test-method> <!-- Enterbilllingdetails -->
        <test-method is-config="true" signature="initPage()[pri:0, instance:com.Automation.Framework.Tests@6f43c82]" started-at="2026-02-22T18:21:28 IST" name="initPage" finished-at="2026-02-22T18:21:28 IST" duration-ms="2" status="PASS">
          <reporter-output>
          </reporter-output>
        </test-method> <!-- initPage -->
        <test-method signature="OriginalOrderId()[pri:5, instance:com.Automation.Framework.Tests@6f43c82]" started-at="2026-02-22T18:21:28 IST" name="OriginalOrderId" finished-at="2026-02-22T18:21:29 IST" duration-ms="249" status="PASS">
          <reporter-output>
          </reporter-output>
        </test-method> <!-- OriginalOrderId -->
        <test-method is-config="true" signature="initPage()[pri:0, instance:com.Automation.Framework.Tests@6f43c82]" started-at="2026-02-22T18:21:29 IST" name="initPage" finished-at="2026-02-22T18:21:29 IST" duration-ms="5" status="PASS">
          <reporter-output>
          </reporter-output>
        </test-method> <!-- initPage -->
        <test-method signature="Clickonordersandverify()[pri:6, instance:com.Automation.Framework.Tests@6f43c82]" started-at="2026-02-22T18:21:29 IST" name="Clickonordersandverify" finished-at="2026-02-22T18:21:50 IST" duration-ms="21236" status="PASS">
          <reporter-output>
          </reporter-output>
        </test-method> <!-- Clickonordersandverify -->
        <test-method is-config="true" signature="initPage()[pri:0, instance:com.Automation.Framework.Tests@6f43c82]" started-at="2026-02-22T18:21:50 IST" name="initPage" finished-at="2026-02-22T18:21:50 IST" duration-ms="17" status="PASS">
          <reporter-output>
          </reporter-output>
        </test-method> <!-- initPage -->
        <test-method signature="Assertorder()[pri:7, instance:com.Automation.Framework.Tests@6f43c82]" started-at="2026-02-22T18:21:50 IST" name="Assertorder" finished-at="2026-02-22T18:21:50 IST" duration-ms="157" status="PASS">
          <reporter-output>
          </reporter-output>
        </test-method> <!-- Assertorder -->
      </class> <!-- com.Automation.Framework.Tests -->
    </test> <!-- Surefire test -->
  </suite> <!-- Surefire suite -->
</testng-results>
