<?xml version="1.0" encoding="UTF-8"?>
<!-- Generated by org.testng.reporters.JUnitReportReporter -->
<testsuite hostname="Ashok" failures="0" tests="5" name="com.Automation.Framework.Tests" time="25.533" errors="0" timestamp="2026-02-21T17:25:39 IST" skipped="0">
  <testcase classname="com.Automation.Framework.Tests" name="LoginApplication" time="0.625"/>
  <testcase classname="com.Automation.Framework.Tests" name="ProductSelection" time="0.851"/>
  <testcase classname="com.Automation.Framework.Tests" name="Clickoncart" time="21.690"/>
  <testcase classname="com.Automation.Framework.Tests" name="Clickcheckout" time="0.435"/>
  <testcase classname="com.Automation.Framework.Tests" name="Enterbilllingdetails" time="1.932"/>
</testsuite> <!-- com.Automation.Framework.Tests -->
