<?xml version="1.0" encoding="UTF-8"?>
<!-- Generated by org.testng.reporters.JUnitReportReporter -->
<testsuite hostname="Ashok" failures="0" tests="5" name="com.Automation.Framework.Tests" time="25.420" errors="0" timestamp="2026-02-22T14:44:19 IST" skipped="0">
  <testcase classname="com.Automation.Framework.Tests" name="LoginApplication" time="0.478"/>
  <testcase classname="com.Automation.Framework.Tests" name="ProductSelection" time="1.052"/>
  <testcase classname="com.Automation.Framework.Tests" name="Clickoncart" time="22.064"/>
  <testcase classname="com.Automation.Framework.Tests" name="Clickcheckout" time="0.331"/>
  <testcase classname="com.Automation.Framework.Tests" name="Enterbilllingdetails" time="1.495"/>
</testsuite> <!-- com.Automation.Framework.Tests -->
